[0m16:15:21.171695 [debug] [MainThread]: Sending event: {'category': 'dbt', 'action': 'invocation', 'label': 'start', 'context': [<snowplow_tracker.self_describing_json.SelfDescribingJson object at 0x7fdfaad5f9a0>, <snowplow_tracker.self_describing_json.SelfDescribingJson object at 0x7fdfa8b20880>, <snowplow_tracker.self_describing_json.SelfDescribingJson object at 0x7fdfa8b208e0>]}


============================== 16:15:21.199266 | c8cc1586-dfd3-499f-aba3-b27679cedfb3 ==============================
[0m16:15:21.199266 [info ] [MainThread]: Running with dbt=1.7.4
[0m16:15:21.202444 [debug] [MainThread]: running dbt with arguments {'printer_width': '80', 'indirect_selection': 'eager', 'write_json': 'True', 'log_cache_events': 'False', 'partial_parse': 'True', 'cache_selected_only': 'False', 'warn_error': 'None', 'version_check': 'True', 'profiles_dir': '/home/luna/.dbt', 'log_path': 'logs', 'debug': 'False', 'fail_fast': 'False', 'use_colors': 'True', 'use_experimental_parser': 'False', 'no_print': 'None', 'quiet': 'False', 'log_format': 'default', 'introspect': 'True', 'warn_error_options': 'WarnErrorOptions(include=[], exclude=[])', 'invocation_command': 'dbt init tredstone', 'target_path': 'None', 'static_parser': 'True', 'send_anonymous_usage_stats': 'True'}
[0m16:15:21.208020 [warn ] [MainThread]: [ConfigFolderDirectory]: Unable to parse dict {'dir': PosixPath('/home/luna/.dbt')}
[0m16:15:21.210686 [info ] [MainThread]: Creating dbt configuration folder at 
[0m16:15:21.214323 [debug] [MainThread]: Starter project path: /home/luna/.virtualenvs/TredStone/lib/python3.10/site-packages/dbt/include/starter_project
[0m16:15:21.318775 [info ] [MainThread]: 
Your new dbt project "tredstone" was created!

For more information on how to configure the profiles.yml file,
please consult the dbt documentation here:

  https://docs.getdbt.com/docs/configure-your-profile

One more thing:

Need help? Don't hesitate to reach out to us via GitHub issues or on Slack:

  https://community.getdbt.com/

Happy modeling!

[0m16:15:21.323080 [info ] [MainThread]: Setting up your profile.
[0m16:18:58.677568 [info ] [MainThread]: Profile tredstone written to /home/luna/.dbt/profiles.yml using target's profile_template.yml and your supplied values. Run 'dbt debug' to validate the connection.
[0m16:18:58.694165 [debug] [MainThread]: Resource report: {"command_name": "init", "command_success": true, "command_wall_clock_time": 217.54565, "process_user_time": 5.28125, "process_kernel_time": 1.078125, "process_mem_max_rss": "89452", "process_in_blocks": "0", "process_out_blocks": "0"}
[0m16:18:58.696517 [debug] [MainThread]: Command `dbt init` succeeded at 16:18:58.696096 after 217.55 seconds
[0m16:18:58.697660 [debug] [MainThread]: Sending event: {'category': 'dbt', 'action': 'invocation', 'label': 'end', 'context': [<snowplow_tracker.self_describing_json.SelfDescribingJson object at 0x7fdfaad5f9a0>, <snowplow_tracker.self_describing_json.SelfDescribingJson object at 0x7fdfa8b20100>, <snowplow_tracker.self_describing_json.SelfDescribingJson object at 0x7fdfa8b20070>]}
[0m16:18:58.698982 [debug] [MainThread]: Flushing usage events
